Determining if the pthread_create exist failed with the following output:
Change Dir: /home/jpl/lines/build/CMakeFiles/CMakeTmp

Run Build Command:"/usr/bin/make" "cmTC_0b907/fast"
/usr/bin/make -f CMakeFiles/cmTC_0b907.dir/build.make CMakeFiles/cmTC_0b907.dir/build
make[1]: Entering directory `/home/jpl/lines/build/CMakeFiles/CMakeTmp'
Building C object CMakeFiles/cmTC_0b907.dir/CheckSymbolExists.c.o
/usr/bin/cc    -Wall  -O3 -march=native     -o CMakeFiles/cmTC_0b907.dir/CheckSymbolExists.c.o   -c /home/jpl/lines/build/CMakeFiles/CMakeTmp/CheckSymbolExists.c
Linking C executable cmTC_0b907
/usr/local/bin/cmake -E cmake_link_script CMakeFiles/cmTC_0b907.dir/link.txt --verbose=1
/usr/bin/cc    -Wall  -O3 -march=native      CMakeFiles/cmTC_0b907.dir/CheckSymbolExists.c.o  -o cmTC_0b907 -rdynamic 
CMakeFiles/cmTC_0b907.dir/CheckSymbolExists.c.o: In function `main':
CheckSymbolExists.c:(.text.startup+0x6): undefined reference to `pthread_create'
collect2: error: ld returned 1 exit status
make[1]: *** [cmTC_0b907] Error 1
make[1]: Leaving directory `/home/jpl/lines/build/CMakeFiles/CMakeTmp'
make: *** [cmTC_0b907/fast] Error 2

File /home/jpl/lines/build/CMakeFiles/CMakeTmp/CheckSymbolExists.c:
/* */
#include <pthread.h>

int main(int argc, char** argv)
{
  (void)argv;
#ifndef pthread_create
  return ((int*)(&pthread_create))[argc];
#else
  (void)argc;
  return 0;
#endif
}

Determining if the function pthread_create exists in the pthreads failed with the following output:
Change Dir: /home/jpl/lines/build/CMakeFiles/CMakeTmp

Run Build Command:"/usr/bin/make" "cmTC_751f9/fast"
/usr/bin/make -f CMakeFiles/cmTC_751f9.dir/build.make CMakeFiles/cmTC_751f9.dir/build
make[1]: Entering directory `/home/jpl/lines/build/CMakeFiles/CMakeTmp'
Building C object CMakeFiles/cmTC_751f9.dir/CheckFunctionExists.c.o
/usr/bin/cc    -Wall  -O3 -march=native  -DCHECK_FUNCTION_EXISTS=pthread_create   -o CMakeFiles/cmTC_751f9.dir/CheckFunctionExists.c.o   -c /usr/local/share/cmake-3.5/Modules/CheckFunctionExists.c
Linking C executable cmTC_751f9
/usr/local/bin/cmake -E cmake_link_script CMakeFiles/cmTC_751f9.dir/link.txt --verbose=1
/usr/bin/cc    -Wall  -O3 -march=native  -DCHECK_FUNCTION_EXISTS=pthread_create    CMakeFiles/cmTC_751f9.dir/CheckFunctionExists.c.o  -o cmTC_751f9 -rdynamic -lpthreads 
/usr/bin/ld: cannot find -lpthreads
collect2: error: ld returned 1 exit status
make[1]: *** [cmTC_751f9] Error 1
make[1]: Leaving directory `/home/jpl/lines/build/CMakeFiles/CMakeTmp'
make: *** [cmTC_751f9/fast] Error 2


